<?xml version="1.0" encoding="UTF-8"?>
<!-- Generated by org.testng.reporters.JUnitReportReporter -->
<testsuite hostname="SumedhKrishna" failures="0" tests="1" name="tests.TC_02EditProfile" time="30.352" errors="0" timestamp="2023-10-11T11:05:47 EDT" skipped="0">
  <testcase classname="tests.TC_02EditProfile" name="verifyEditProfile" time="30.352"/>
  <system-out/>
</testsuite> <!-- tests.TC_02EditProfile -->
