<?xml version="1.0" encoding="UTF-8"?>
<!-- Generated by org.testng.reporters.JUnitReportReporter -->
<testsuite hostname="SumedhKrishna" failures="0" tests="1" name="tests.TC_03AddingItemsMoreThanAvailable" time="14.563" errors="0" timestamp="2023-10-11T11:05:47 EDT" skipped="0">
  <testcase classname="tests.TC_03AddingItemsMoreThanAvailable" name="verifyAddingItemsMoreThanAvailable" time="14.563"/>
  <system-out/>
</testsuite> <!-- tests.TC_03AddingItemsMoreThanAvailable -->
